\BOOKMARK [1][-]{section*.2}{Abk\374rzungsverzeichnis}{}% 1
\BOOKMARK [1][-]{section*.4}{Abbildungsverzeichnis}{}% 2
\BOOKMARK [1][-]{section*.5}{Tabellenverzeichnis}{}% 3
\BOOKMARK [1][-]{section.1}{Einleitung}{}% 4
\BOOKMARK [2][-]{subsection.1.1}{Continental in Wetzlar}{section.1}% 5
\BOOKMARK [2][-]{subsection.1.2}{Problemstellung und Ziel des Projekts}{section.1}% 6
\BOOKMARK [1][-]{section.2}{Theoretische Grundlagen}{}% 7
\BOOKMARK [2][-]{subsection.2.1}{Prozesse}{section.2}% 8
\BOOKMARK [2][-]{subsection.2.2}{Pipes}{section.2}% 9
\BOOKMARK [2][-]{subsection.2.3}{Signale}{section.2}% 10
\BOOKMARK [2][-]{subsection.2.4}{Diagnostic Log and Trace}{section.2}% 11
\BOOKMARK [2][-]{subsection.2.5}{Wireshark}{section.2}% 12
\BOOKMARK [2][-]{subsection.2.6}{Das .pcap Dateiformat}{section.2}% 13
\BOOKMARK [1][-]{section.3}{Ziel der Arbeit}{}% 14
\BOOKMARK [1][-]{section.4}{Durchf\374hrung}{}% 15
\BOOKMARK [2][-]{subsection.4.1}{Anforderungen}{section.4}% 16
\BOOKMARK [2][-]{subsection.4.2}{Eignungspr\374fung und Konzeptfindung}{section.4}% 17
\BOOKMARK [2][-]{subsection.4.3}{Entwicklungsumgebung}{section.4}% 18
\BOOKMARK [2][-]{subsection.4.4}{Aufbau der Software}{section.4}% 19
\BOOKMARK [3][-]{subsubsection.4.4.1}{Starten des Programms}{subsection.4.4}% 20
\BOOKMARK [3][-]{subsubsection.4.4.2}{Beenden des Programms}{subsection.4.4}% 21
\BOOKMARK [3][-]{subsubsection.4.4.3}{Aufbauen der Verbindung mit dem Ger\344t}{subsection.4.4}% 22
\BOOKMARK [3][-]{subsubsection.4.4.4}{Empfangen und Verarbeitet der Daten}{subsection.4.4}% 23
\BOOKMARK [3][-]{subsubsection.4.4.5}{Senden der Daten}{subsection.4.4}% 24
\BOOKMARK [1][-]{section.5}{Literatur}{}% 25
\BOOKMARK [1][-]{section.6}{Anhang}{}% 26
